--------------------------------------------------------------------------------
Release 14.7 Trace  (nt64)
Copyright (c) 1995-2013 Xilinx, Inc.  All rights reserved.

C:\Xilinx\14.7\ISE_DS\ISE\bin\nt64\unwrapped\trce.exe -intstyle ise -v 3 -s 5
-n 3 -fastpaths -xml eightBitAdder.twx eightBitAdder.ncd -o eightBitAdder.twr
eightBitAdder.pcf

Design file:              eightBitAdder.ncd
Physical constraint file: eightBitAdder.pcf
Device,package,speed:     xc3s400,pq208,-5 (PRODUCTION 1.39 2013-10-13)
Report level:             verbose report

Environment Variable      Effect 
--------------------      ------ 
NONE                      No environment variables were set
--------------------------------------------------------------------------------

INFO:Timing:2698 - No timing constraints found, doing default enumeration.
INFO:Timing:3412 - To improve timing, see the Timing Closure User Guide (UG612).
INFO:Timing:2752 - To get complete path coverage, use the unconstrained paths 
   option. All paths that are not constrained will be reported in the 
   unconstrained paths section(s) of the report.
INFO:Timing:3339 - The clock-to-out numbers in this timing report are based on 
   a 50 Ohm transmission line loading model.  For the details of this model, 
   and for more information on accounting for different loading conditions, 
   please see the device datasheet.
INFO:Timing:3390 - This architecture does not support a default System Jitter 
   value, please add SYSTEM_JITTER constraint to the UCF to modify the Clock 
   Uncertainty calculation.
INFO:Timing:3389 - This architecture does not support 'Discrete Jitter' and 
   'Phase Error' calculations, these terms will be zero in the Clock 
   Uncertainty calculation.  Please make appropriate modification to 
   SYSTEM_JITTER to account for the unsupported Discrete Jitter and Phase 
   Error.



Data Sheet report:
-----------------
All values displayed in nanoseconds (ns)

Pad to Pad
---------------+---------------+---------+
Source Pad     |Destination Pad|  Delay  |
---------------+---------------+---------+
A<0>           |cout           |   12.416|
A<0>           |sum<0>         |    8.210|
A<0>           |sum<1>         |    8.154|
A<0>           |sum<2>         |    8.160|
A<0>           |sum<3>         |   10.351|
A<0>           |sum<4>         |   10.440|
A<0>           |sum<5>         |   11.783|
A<0>           |sum<6>         |   12.306|
A<0>           |sum<7>         |   13.103|
A<1>           |cout           |   12.047|
A<1>           |sum<1>         |    7.316|
A<1>           |sum<2>         |    7.791|
A<1>           |sum<3>         |    9.982|
A<1>           |sum<4>         |   10.071|
A<1>           |sum<5>         |   11.414|
A<1>           |sum<6>         |   11.937|
A<1>           |sum<7>         |   12.734|
A<2>           |cout           |   10.473|
A<2>           |sum<2>         |    6.730|
A<2>           |sum<3>         |    8.408|
A<2>           |sum<4>         |    8.497|
A<2>           |sum<5>         |    9.840|
A<2>           |sum<6>         |   10.363|
A<2>           |sum<7>         |   11.160|
A<3>           |cout           |    9.622|
A<3>           |sum<3>         |    7.386|
A<3>           |sum<4>         |    7.646|
A<3>           |sum<5>         |    8.989|
A<3>           |sum<6>         |    9.512|
A<3>           |sum<7>         |   10.309|
A<4>           |cout           |    9.003|
A<4>           |sum<4>         |    6.624|
A<4>           |sum<5>         |    8.370|
A<4>           |sum<6>         |    8.893|
A<4>           |sum<7>         |    9.690|
A<5>           |cout           |    8.777|
A<5>           |sum<5>         |    8.496|
A<5>           |sum<6>         |    8.667|
A<5>           |sum<7>         |    9.464|
A<6>           |cout           |    7.702|
A<6>           |sum<6>         |    7.865|
A<6>           |sum<7>         |    8.389|
A<7>           |cout           |    7.036|
A<7>           |sum<7>         |    7.362|
B<0>           |cout           |   11.876|
B<0>           |sum<0>         |    7.378|
B<0>           |sum<1>         |    7.317|
B<0>           |sum<2>         |    7.620|
B<0>           |sum<3>         |    9.811|
B<0>           |sum<4>         |    9.900|
B<0>           |sum<5>         |   11.243|
B<0>           |sum<6>         |   11.766|
B<0>           |sum<7>         |   12.563|
B<1>           |cout           |   12.549|
B<1>           |sum<1>         |    8.188|
B<1>           |sum<2>         |    8.293|
B<1>           |sum<3>         |   10.484|
B<1>           |sum<4>         |   10.573|
B<1>           |sum<5>         |   11.916|
B<1>           |sum<6>         |   12.439|
B<1>           |sum<7>         |   13.236|
B<2>           |cout           |   10.332|
B<2>           |sum<2>         |    6.872|
B<2>           |sum<3>         |    8.267|
B<2>           |sum<4>         |    8.356|
B<2>           |sum<5>         |    9.699|
B<2>           |sum<6>         |   10.222|
B<2>           |sum<7>         |   11.019|
B<3>           |cout           |   10.555|
B<3>           |sum<3>         |    8.021|
B<3>           |sum<4>         |    8.579|
B<3>           |sum<5>         |    9.922|
B<3>           |sum<6>         |   10.445|
B<3>           |sum<7>         |   11.242|
B<4>           |cout           |    8.767|
B<4>           |sum<4>         |    6.771|
B<4>           |sum<5>         |    8.134|
B<4>           |sum<6>         |    8.657|
B<4>           |sum<7>         |    9.454|
B<5>           |cout           |    8.623|
B<5>           |sum<5>         |    7.954|
B<5>           |sum<6>         |    8.513|
B<5>           |sum<7>         |    9.310|
B<6>           |cout           |    7.594|
B<6>           |sum<6>         |    7.374|
B<6>           |sum<7>         |    8.281|
B<7>           |cout           |    6.857|
B<7>           |sum<7>         |    7.560|
---------------+---------------+---------+


Analysis completed Sun Dec 15 18:57:35 2019 
--------------------------------------------------------------------------------

Trace Settings:
-------------------------
Trace Settings 

Peak Memory Usage: 4479 MB



