--------------------------------------------------------------------------------
Release 14.7 Trace  (nt64)
Copyright (c) 1995-2013 Xilinx, Inc.  All rights reserved.

C:\Xilinx\14.7\ISE_DS\ISE\bin\nt64\unwrapped\trce.exe -intstyle ise -v 3 -s 5
-n 3 -fastpaths -xml GlycemicIndexCalculator.twx GlycemicIndexCalculator.ncd -o
GlycemicIndexCalculator.twr GlycemicIndexCalculator.pcf

Design file:              GlycemicIndexCalculator.ncd
Physical constraint file: GlycemicIndexCalculator.pcf
Device,package,speed:     xc3s400,pq208,-5 (PRODUCTION 1.39 2013-10-13)
Report level:             verbose report

Environment Variable      Effect 
--------------------      ------ 
NONE                      No environment variables were set
--------------------------------------------------------------------------------

INFO:Timing:2698 - No timing constraints found, doing default enumeration.
INFO:Timing:3412 - To improve timing, see the Timing Closure User Guide (UG612).
INFO:Timing:2752 - To get complete path coverage, use the unconstrained paths 
   option. All paths that are not constrained will be reported in the 
   unconstrained paths section(s) of the report.
INFO:Timing:3339 - The clock-to-out numbers in this timing report are based on 
   a 50 Ohm transmission line loading model.  For the details of this model, 
   and for more information on accounting for different loading conditions, 
   please see the device datasheet.
INFO:Timing:3390 - This architecture does not support a default System Jitter 
   value, please add SYSTEM_JITTER constraint to the UCF to modify the Clock 
   Uncertainty calculation.
INFO:Timing:3389 - This architecture does not support 'Discrete Jitter' and 
   'Phase Error' calculations, these terms will be zero in the Clock 
   Uncertainty calculation.  Please make appropriate modification to 
   SYSTEM_JITTER to account for the unsupported Discrete Jitter and Phase 
   Error.



Data Sheet report:
-----------------
All values displayed in nanoseconds (ns)

Pad to Pad
---------------+----------------+---------+
Source Pad     |Destination Pad |  Delay  |
---------------+----------------+---------+
bloodSensor<0> |glycemicIndex<0>|   10.425|
bloodSensor<0> |glycemicIndex<1>|   12.059|
bloodSensor<0> |glycemicIndex<2>|   12.643|
bloodSensor<0> |glycemicIndex<3>|   12.672|
bloodSensor<1> |glycemicIndex<0>|   10.431|
bloodSensor<1> |glycemicIndex<1>|   12.065|
bloodSensor<1> |glycemicIndex<2>|   12.649|
bloodSensor<1> |glycemicIndex<3>|   12.678|
bloodSensor<2> |glycemicIndex<0>|   10.366|
bloodSensor<2> |glycemicIndex<1>|   12.000|
bloodSensor<2> |glycemicIndex<2>|   12.584|
bloodSensor<2> |glycemicIndex<3>|   12.613|
bloodSensor<3> |glycemicIndex<0>|    9.463|
bloodSensor<3> |glycemicIndex<1>|   11.097|
bloodSensor<3> |glycemicIndex<2>|   11.681|
bloodSensor<3> |glycemicIndex<3>|   11.710|
bloodSensor<4> |glycemicIndex<0>|    9.003|
bloodSensor<4> |glycemicIndex<1>|   10.637|
bloodSensor<4> |glycemicIndex<2>|   11.221|
bloodSensor<4> |glycemicIndex<3>|   11.250|
bloodSensor<5> |glycemicIndex<0>|    9.467|
bloodSensor<5> |glycemicIndex<1>|   11.101|
bloodSensor<5> |glycemicIndex<2>|   11.685|
bloodSensor<5> |glycemicIndex<3>|   11.714|
bloodSensor<6> |glycemicIndex<0>|    8.823|
bloodSensor<6> |glycemicIndex<1>|   10.039|
bloodSensor<6> |glycemicIndex<2>|   10.623|
bloodSensor<6> |glycemicIndex<3>|   10.652|
bloodSensor<7> |glycemicIndex<0>|   10.918|
bloodSensor<7> |glycemicIndex<1>|   12.552|
bloodSensor<7> |glycemicIndex<2>|   13.136|
bloodSensor<7> |glycemicIndex<3>|   13.165|
---------------+----------------+---------+


Analysis completed Mon Dec 16 13:04:52 2019 
--------------------------------------------------------------------------------

Trace Settings:
-------------------------
Trace Settings 

Peak Memory Usage: 4479 MB



