--------------------------------------------------------------------------------
Release 14.7 Trace  (nt64)
Copyright (c) 1995-2013 Xilinx, Inc.  All rights reserved.

C:\Xilinx\14.7\ISE_DS\ISE\bin\nt64\unwrapped\trce.exe -intstyle ise -v 3 -s 5
-n 3 -fastpaths -xml multiplierFourToFour.twx multiplierFourToFour.ncd -o
multiplierFourToFour.twr multiplierFourToFour.pcf

Design file:              multiplierFourToFour.ncd
Physical constraint file: multiplierFourToFour.pcf
Device,package,speed:     xc3s400,pq208,-5 (PRODUCTION 1.39 2013-10-13)
Report level:             verbose report

Environment Variable      Effect 
--------------------      ------ 
NONE                      No environment variables were set
--------------------------------------------------------------------------------

INFO:Timing:2698 - No timing constraints found, doing default enumeration.
INFO:Timing:3412 - To improve timing, see the Timing Closure User Guide (UG612).
INFO:Timing:2752 - To get complete path coverage, use the unconstrained paths 
   option. All paths that are not constrained will be reported in the 
   unconstrained paths section(s) of the report.
INFO:Timing:3339 - The clock-to-out numbers in this timing report are based on 
   a 50 Ohm transmission line loading model.  For the details of this model, 
   and for more information on accounting for different loading conditions, 
   please see the device datasheet.
INFO:Timing:3390 - This architecture does not support a default System Jitter 
   value, please add SYSTEM_JITTER constraint to the UCF to modify the Clock 
   Uncertainty calculation.
INFO:Timing:3389 - This architecture does not support 'Discrete Jitter' and 
   'Phase Error' calculations, these terms will be zero in the Clock 
   Uncertainty calculation.  Please make appropriate modification to 
   SYSTEM_JITTER to account for the unsupported Discrete Jitter and Phase 
   Error.



Data Sheet report:
-----------------
All values displayed in nanoseconds (ns)

Pad to Pad
---------------+---------------+---------+
Source Pad     |Destination Pad|  Delay  |
---------------+---------------+---------+
A<0>           |out<2>         |    7.026|
A<0>           |out<3>         |    6.947|
A<0>           |out<4>         |    7.191|
A<0>           |out<5>         |    7.713|
A<1>           |out<3>         |    7.081|
A<1>           |out<4>         |    6.955|
A<1>           |out<5>         |    7.546|
B<2>           |out<2>         |    6.648|
B<2>           |out<3>         |    6.630|
B<2>           |out<4>         |    6.703|
B<2>           |out<5>         |    7.398|
B<3>           |out<3>         |    6.827|
B<3>           |out<4>         |    6.602|
B<3>           |out<5>         |    7.229|
---------------+---------------+---------+


Analysis completed Sun Dec 15 19:57:55 2019 
--------------------------------------------------------------------------------

Trace Settings:
-------------------------
Trace Settings 

Peak Memory Usage: 4479 MB



